0 info it worked if it ends with ok
1 verbose cli [ '/etc/node-4.4.5/bin/node',
1 verbose cli   '/bin/npm',
1 verbose cli   'install',
1 verbose cli   '--save-dev',
1 verbose cli   'jscs-preset-yandex' ]
2 info using npm@3.10.3
3 info using node@v4.4.5
4 silly loadCurrentTree Starting
5 silly install loadCurrentTree
6 silly install readLocalPackageData
7 silly fetchPackageMetaData jscs-preset-yandex
8 silly fetchNamedPackageData jscs-preset-yandex
9 silly mapToRegistry name jscs-preset-yandex
10 silly mapToRegistry using default registry
11 silly mapToRegistry registry https://registry.npmjs.org/
12 silly mapToRegistry data Result {
12 silly mapToRegistry   raw: 'jscs-preset-yandex',
12 silly mapToRegistry   scope: null,
12 silly mapToRegistry   escapedName: 'jscs-preset-yandex',
12 silly mapToRegistry   name: 'jscs-preset-yandex',
12 silly mapToRegistry   rawSpec: '',
12 silly mapToRegistry   spec: 'latest',
12 silly mapToRegistry   type: 'tag' }
13 silly mapToRegistry uri https://registry.npmjs.org/jscs-preset-yandex
14 verbose request uri https://registry.npmjs.org/jscs-preset-yandex
15 verbose request no auth needed
16 info attempt registry request try #1 at 3:32:13 PM
17 verbose request id 7efa267d3e0e4df0
18 http request GET https://registry.npmjs.org/jscs-preset-yandex
19 http 404 https://registry.npmjs.org/jscs-preset-yandex
20 verbose headers { server: 'CouchDB/1.5.0 (Erlang OTP/R16B03)',
20 verbose headers   etag: '"1L0DQXW43PA6CUEBJX4PZ1NJJ"',
20 verbose headers   'content-type': 'application/json',
20 verbose headers   'cache-control': 'max-age=0',
20 verbose headers   'content-length': '469',
20 verbose headers   'accept-ranges': 'bytes',
20 verbose headers   date: 'Sun, 31 Jul 2016 12:33:01 GMT',
20 verbose headers   via: '1.1 varnish',
20 verbose headers   age: '0',
20 verbose headers   connection: 'keep-alive',
20 verbose headers   'x-served-by': 'cache-fra1242-FRA',
20 verbose headers   'x-cache': 'MISS',
20 verbose headers   'x-cache-hits': '0',
20 verbose headers   'x-timer': 'S1469968380.957560,VS0,VE701',
20 verbose headers   vary: 'Accept-Encoding' }
21 silly get cb [ 404,
21 silly get   { server: 'CouchDB/1.5.0 (Erlang OTP/R16B03)',
21 silly get     etag: '"1L0DQXW43PA6CUEBJX4PZ1NJJ"',
21 silly get     'content-type': 'application/json',
21 silly get     'cache-control': 'max-age=0',
21 silly get     'content-length': '469',
21 silly get     'accept-ranges': 'bytes',
21 silly get     date: 'Sun, 31 Jul 2016 12:33:01 GMT',
21 silly get     via: '1.1 varnish',
21 silly get     age: '0',
21 silly get     connection: 'keep-alive',
21 silly get     'x-served-by': 'cache-fra1242-FRA',
21 silly get     'x-cache': 'MISS',
21 silly get     'x-cache-hits': '0',
21 silly get     'x-timer': 'S1469968380.957560,VS0,VE701',
21 silly get     vary: 'Accept-Encoding' } ]
22 silly fetchPackageMetaData Error: Registry returned 404 for GET on https://registry.npmjs.org/jscs-preset-yandex
22 silly fetchPackageMetaData     at makeError (/etc/node-4.4.5/lib/node_modules/npm/node_modules/npm-registry-client/lib/request.js:264:12)
22 silly fetchPackageMetaData     at CachingRegistryClient.<anonymous> (/etc/node-4.4.5/lib/node_modules/npm/node_modules/npm-registry-client/lib/request.js:242:14)
22 silly fetchPackageMetaData     at Request._callback (/etc/node-4.4.5/lib/node_modules/npm/node_modules/npm-registry-client/lib/request.js:172:14)
22 silly fetchPackageMetaData     at Request.self.callback (/etc/node-4.4.5/lib/node_modules/npm/node_modules/request/request.js:200:22)
22 silly fetchPackageMetaData     at emitTwo (events.js:87:13)
22 silly fetchPackageMetaData     at Request.emit (events.js:172:7)
22 silly fetchPackageMetaData     at Request.<anonymous> (/etc/node-4.4.5/lib/node_modules/npm/node_modules/request/request.js:1067:10)
22 silly fetchPackageMetaData     at emitOne (events.js:82:20)
22 silly fetchPackageMetaData     at Request.emit (events.js:169:7)
22 silly fetchPackageMetaData     at IncomingMessage.<anonymous> (/etc/node-4.4.5/lib/node_modules/npm/node_modules/request/request.js:988:12)
22 silly fetchPackageMetaData  error for jscs-preset-yandex { [Error: Registry returned 404 for GET on https://registry.npmjs.org/jscs-preset-yandex] pkgid: 'jscs-preset-yandex', statusCode: 404, code: 'E404' }
23 silly rollbackFailedOptional Starting
24 silly rollbackFailedOptional Finishing
25 silly runTopLevelLifecycles Starting
26 silly runTopLevelLifecycles Finishing
27 silly install printInstalled
28 verbose stack Error: Registry returned 404 for GET on https://registry.npmjs.org/jscs-preset-yandex
28 verbose stack     at makeError (/etc/node-4.4.5/lib/node_modules/npm/node_modules/npm-registry-client/lib/request.js:264:12)
28 verbose stack     at CachingRegistryClient.<anonymous> (/etc/node-4.4.5/lib/node_modules/npm/node_modules/npm-registry-client/lib/request.js:242:14)
28 verbose stack     at Request._callback (/etc/node-4.4.5/lib/node_modules/npm/node_modules/npm-registry-client/lib/request.js:172:14)
28 verbose stack     at Request.self.callback (/etc/node-4.4.5/lib/node_modules/npm/node_modules/request/request.js:200:22)
28 verbose stack     at emitTwo (events.js:87:13)
28 verbose stack     at Request.emit (events.js:172:7)
28 verbose stack     at Request.<anonymous> (/etc/node-4.4.5/lib/node_modules/npm/node_modules/request/request.js:1067:10)
28 verbose stack     at emitOne (events.js:82:20)
28 verbose stack     at Request.emit (events.js:169:7)
28 verbose stack     at IncomingMessage.<anonymous> (/etc/node-4.4.5/lib/node_modules/npm/node_modules/request/request.js:988:12)
29 verbose statusCode 404
30 verbose pkgid jscs-preset-yandex
31 verbose cwd /home/ilya/Projects/JS/eisberg
32 error Linux 3.16.0-4-amd64
33 error argv "/etc/node-4.4.5/bin/node" "/bin/npm" "install" "--save-dev" "jscs-preset-yandex"
34 error node v4.4.5
35 error npm  v3.10.3
36 error code E404
37 error 404 Registry returned 404 for GET on https://registry.npmjs.org/jscs-preset-yandex
38 error 404
39 error 404 'jscs-preset-yandex' is not in the npm registry.
40 error 404 You should bug the author to publish it (or use the name yourself!)
41 error 404 Note that you can also install from a
42 error 404 tarball, folder, http url, or git url.
43 verbose exit [ 1, true ]
